<?xml version="1.0" encoding="UTF-8"?>
<!-- Generated by org.testng.reporters.JUnitReportReporter -->
<testsuite hostname="lukesh-PC" failures="0" tests="1" name="com.inetbanking.testCases.TC_LoginTest_001" time="12.108" errors="0" timestamp="2023-02-04T15:29:01 IST" skipped="0">
  <testcase classname="com.inetbanking.testCases.TC_LoginTest_001" name="loginTest" time="12.108"/>
  <system-out/>
</testsuite> <!-- com.inetbanking.testCases.TC_LoginTest_001 -->
