<?xml version="1.0" encoding="UTF-8"?>
<!-- Generated by org.testng.reporters.JUnitReportReporter -->
<testsuite hostname="lukesh-PC" failures="0" tests="1" name="com.inetbanking.testCases.TC_LoginTest_001" time="7.651" errors="0" timestamp="05 Feb 2023 13:33:59 GMT" skipped="0">
  <testcase classname="com.inetbanking.testCases.TC_LoginTest_001" name="loginTest" time="7.651"/>
</testsuite> <!-- com.inetbanking.testCases.TC_LoginTest_001 -->
